[0.000000] (-) TimerEvent: {}
[0.000000] (mecanum_description) JobQueued: {'identifier': 'mecanum_description', 'dependencies': OrderedDict()}
[0.000000] (mecanum_description) JobStarted: {'identifier': 'mecanum_description'}
[0.047000] (mecanum_description) JobProgress: {'identifier': 'mecanum_description', 'progress': 'cmake'}
[0.047000] (mecanum_description) Command: {'cmd': ['C:\\Program Files\\CMake\\bin\\cmake.EXE', 'D:\\College\\capstone_ws\\src\\mecanum_description', '-DAMENT_CMAKE_SYMLINK_INSTALL=1', '-DCMAKE_INSTALL_PREFIX=D:\\College\\capstone_ws\\install', '-G', 'Visual Studio 16 2019'], 'cwd': 'D:\\College\\capstone_ws\\build\\mecanum_description', 'env': OrderedDict([('ALLUSERSPROFILE', 'C:\\ProgramData'), ('ANSYS221_DIR', 'C:\\Program Files\\ANSYS Inc\\ANSYS Student\\v221\\ANSYS'), ('APPDATA', 'C:\\Users\\sharr\\AppData\\Roaming'), ('AWP_LOCALE221', 'en-us'), ('AWP_ROOT221', 'C:\\Program Files\\ANSYS Inc\\ANSYS Student\\v221'), ('CADOE_LIBDIR221', 'C:\\Program Files\\ANSYS Inc\\ANSYS Student\\v221\\CommonFiles\\Language\\en-us'), ('ChocolateyInstall', 'C:\\ProgramData\\chocolatey'), ('ChocolateyLastPathUpdate', '133047576994280770'), ('COLCON', '1'), ('CommandPromptType', 'Native'), ('CommonProgramFiles', 'C:\\Program Files\\Common Files'), ('CommonProgramFiles(x86)', 'C:\\Program Files (x86)\\Common Files'), ('CommonProgramW6432', 'C:\\Program Files\\Common Files'), ('COMPUTERNAME', 'LAPTOP-4FA1IQ95'), ('ComSpec', 'C:\\Windows\\system32\\cmd.exe'), ('DevEnvDir', 'C:\\Program Files (x86)\\Microsoft Visual Studio\\2019\\Community\\Common7\\IDE\\'), ('DriverData', 'C:\\Windows\\System32\\Drivers\\DriverData'), ('ExtensionSdkDir', 'C:\\Program Files (x86)\\Microsoft SDKs\\Windows Kits\\10\\ExtensionSDKs'), ('Framework40Version', 'v4.0'), ('FrameworkDir', 'C:\\Windows\\Microsoft.NET\\Framework64\\'), ('FrameworkDir64', 'C:\\Windows\\Microsoft.NET\\Framework64\\'), ('FrameworkVersion', 'v4.0.30319'), ('FrameworkVersion64', 'v4.0.30319'), ('HOMEDRIVE', 'C:'), ('HOMEPATH', '\\Users\\sharr'), ('INCLUDE', 'C:\\Program Files (x86)\\Microsoft Visual Studio\\2019\\Community\\VC\\Tools\\MSVC\\14.29.30133\\ATLMFC\\include;C:\\Program Files (x86)\\Microsoft Visual Studio\\2019\\Community\\VC\\Tools\\MSVC\\14.29.30133\\include;C:\\Program Files (x86)\\Windows Kits\\10\\include\\10.0.19041.0\\ucrt;C:\\Program Files (x86)\\Windows Kits\\10\\include\\10.0.19041.0\\shared;C:\\Program Files (x86)\\Windows Kits\\10\\include\\10.0.19041.0\\um;C:\\Program Files (x86)\\Windows Kits\\10\\include\\10.0.19041.0\\winrt;C:\\Program Files (x86)\\Windows Kits\\10\\include\\10.0.19041.0\\cppwinrt'), ('LIB', 'C:\\Program Files (x86)\\Microsoft Visual Studio\\2019\\Community\\VC\\Tools\\MSVC\\14.29.30133\\ATLMFC\\lib\\x64;C:\\Program Files (x86)\\Microsoft Visual Studio\\2019\\Community\\VC\\Tools\\MSVC\\14.29.30133\\lib\\x64;C:\\Program Files (x86)\\Windows Kits\\10\\lib\\10.0.19041.0\\ucrt\\x64;C:\\Program Files (x86)\\Windows Kits\\10\\lib\\10.0.19041.0\\um\\x64'), ('LIBPATH', 'C:\\Program Files (x86)\\Microsoft Visual Studio\\2019\\Community\\VC\\Tools\\MSVC\\14.29.30133\\ATLMFC\\lib\\x64;C:\\Program Files (x86)\\Microsoft Visual Studio\\2019\\Community\\VC\\Tools\\MSVC\\14.29.30133\\lib\\x64;C:\\Program Files (x86)\\Microsoft Visual Studio\\2019\\Community\\VC\\Tools\\MSVC\\14.29.30133\\lib\\x86\\store\\references;C:\\Program Files (x86)\\Windows Kits\\10\\UnionMetadata\\10.0.19041.0;C:\\Program Files (x86)\\Windows Kits\\10\\References\\10.0.19041.0;C:\\Windows\\Microsoft.NET\\Framework64\\v4.0.30319'), ('LOCALAPPDATA', 'C:\\Users\\sharr\\AppData\\Local'), ('LOGONSERVER', '\\\\LAPTOP-4FA1IQ95'), ('LSTC_LICENSE', 'Ansys'), ('NUMBER_OF_PROCESSORS', '12'), ('OMP_NUM_THREADS', '12'), ('OneDrive', 'C:\\Users\\sharr\\OneDrive'), ('OneDriveConsumer', 'C:\\Users\\sharr\\OneDrive'), ('OpenCV_DIR', 'C:\\opencv'), ('OPENSSL_CONF', 'C:\\Program Files\\OpenSSL-Win64\\bin\\openssl.cfg'), ('OS', 'Windows_NT'), ('Path', 'C:\\Program Files (x86)\\Microsoft Visual Studio\\2019\\Community\\Common7\\IDE\\\\Extensions\\Microsoft\\IntelliCode\\CLI;C:\\Program Files (x86)\\Microsoft Visual Studio\\2019\\Community\\VC\\Tools\\MSVC\\14.29.30133\\bin\\HostX64\\x64;C:\\Program Files (x86)\\Microsoft Visual Studio\\2019\\Community\\Common7\\IDE\\VC\\VCPackages;C:\\Program Files (x86)\\Microsoft Visual Studio\\2019\\Community\\Common7\\IDE\\CommonExtensions\\Microsoft\\TestWindow;C:\\Program Files (x86)\\Microsoft Visual Studio\\2019\\Community\\Common7\\IDE\\CommonExtensions\\Microsoft\\TeamFoundation\\Team Explorer;C:\\Program Files (x86)\\Microsoft Visual Studio\\2019\\Community\\MSBuild\\Current\\bin\\Roslyn;C:\\Program Files (x86)\\Microsoft Visual Studio\\2019\\Community\\Team Tools\\Performance Tools\\x64;C:\\Program Files (x86)\\Microsoft Visual Studio\\2019\\Community\\Team Tools\\Performance Tools;C:\\Program Files (x86)\\Microsoft Visual Studio\\Shared\\Common\\VSPerfCollectionTools\\vs2019\\\\x64;C:\\Program Files (x86)\\Microsoft Visual Studio\\Shared\\Common\\VSPerfCollectionTools\\vs2019\\;C:\\Program Files (x86)\\Microsoft Visual Studio\\2019\\Community\\Common7\\Tools\\devinit;C:\\Program Files (x86)\\Windows Kits\\10\\bin\\10.0.19041.0\\x64;C:\\Program Files (x86)\\Windows Kits\\10\\bin\\x64;C:\\Program Files (x86)\\Microsoft Visual Studio\\2019\\Community\\\\MSBuild\\Current\\Bin;C:\\Windows\\Microsoft.NET\\Framework64\\v4.0.30319;C:\\Program Files (x86)\\Microsoft Visual Studio\\2019\\Community\\Common7\\IDE\\;C:\\Program Files (x86)\\Microsoft Visual Studio\\2019\\Community\\Common7\\Tools\\;C:\\Python38\\Scripts\\;C:\\Python38\\;C:\\Windows\\system32;C:\\Windows;C:\\Windows\\System32\\Wbem;C:\\Windows\\System32\\WindowsPowerShell\\v1.0\\;C:\\Windows\\System32\\OpenSSH\\;C:\\Program Files\\NVIDIA Corporation\\NVIDIA NvDLISR;D:\\Siemens\\SiemensNXStudentEdition\\CAPITALINTEGRATION\\capitalnxremote\\;D:\\MATLAB\\R2021a\\bin;C:\\ProgramData\\chocolatey\\bin;C:\\ProgramData\\chocolatey\\lib\\cunit\\lib;C:\\ProgramData\\chocolatey\\lib\\tinyxml2\\lib;C:\\ProgramData\\chocolatey\\lib\\bullet\\lib;C:\\Program Files\\Git\\cmd;C:\\Users\\sharr\\AppData\\Local\\Microsoft\\WindowsApps;C:\\Program Files\\OpenSSL-Win64\\bin\\;C:\\opencv\\x64\\vc16\\bin;C:\\Program Files\\CMake\\bin;C:\\Program Files\\Graphviz\\bin;D:\\Microsoft VS Code\\bin'), ('PATHEXT', '.COM;.EXE;.BAT;.CMD;.VBS;.VBE;.JS;.JSE;.WSF;.WSH;.MSC;.PY;.PYW'), ('Platform', 'x64'), ('PROCESSOR_ARCHITECTURE', 'AMD64'), ('PROCESSOR_IDENTIFIER', 'AMD64 Family 23 Model 104 Stepping 1, AuthenticAMD'), ('PROCESSOR_LEVEL', '23'), ('PROCESSOR_REVISION', '6801'), ('ProgramData', 'C:\\ProgramData'), ('ProgramFiles', 'C:\\Program Files'), ('ProgramFiles(x86)', 'C:\\Program Files (x86)'), ('ProgramW6432', 'C:\\Program Files'), ('PROMPT', '$P$G'), ('PSModulePath', 'C:\\Program Files\\WindowsPowerShell\\Modules;C:\\Windows\\system32\\WindowsPowerShell\\v1.0\\Modules'), ('PUBLIC', 'C:\\Users\\Public'), ('P_SCHEMA', 'C:\\Program Files\\ANSYS Inc\\ANSYS Student\\v221\\AISOL\\CADIntegration\\Parasolid\\PSchema'), ('Qt5_DIR', 'C:\\Qt\\Qt5.12.12\\5.12.12\\msvc2017_64'), ('QT_QPA_PLATFORM_PLUGIN_PATH', 'C:\\Qt\\Qt5.12.12\\5.12.12\\msvc2017_64\\plugins\\platforms'), ('SPLM_LICENSE_SERVER', 'D:\\Siemens\\SiemensNXStudentEdition\\UGII\\NXSTUDENTLICENSE.lic'), ('SystemDrive', 'C:'), ('SystemRoot', 'C:\\Windows'), ('TEMP', 'C:\\Users\\sharr\\AppData\\Local\\Temp'), ('TMP', 'C:\\Users\\sharr\\AppData\\Local\\Temp'), ('UCRTVersion', '10.0.19041.0'), ('UGII_BASE_DIR', 'D:\\Siemens\\SiemensNXStudentEdition'), ('UGII_LANG', 'english'), ('UniversalCRTSdkDir', 'C:\\Program Files (x86)\\Windows Kits\\10\\'), ('USERDOMAIN', 'LAPTOP-4FA1IQ95'), ('USERDOMAIN_ROAMINGPROFILE', 'LAPTOP-4FA1IQ95'), ('USERNAME', 'sharr'), ('USERPROFILE', 'C:\\Users\\sharr'), ('VCIDEInstallDir', 'C:\\Program Files (x86)\\Microsoft Visual Studio\\2019\\Community\\Common7\\IDE\\VC\\'), ('VCINSTALLDIR', 'C:\\Program Files (x86)\\Microsoft Visual Studio\\2019\\Community\\VC\\'), ('VCToolsInstallDir', 'C:\\Program Files (x86)\\Microsoft Visual Studio\\2019\\Community\\VC\\Tools\\MSVC\\14.29.30133\\'), ('VCToolsRedistDir', 'C:\\Program Files (x86)\\Microsoft Visual Studio\\2019\\Community\\VC\\Redist\\MSVC\\14.29.30133\\'), ('VCToolsVersion', '14.29.30133'), ('VisualStudioVersion', '16.0'), ('VS160COMNTOOLS', 'C:\\Program Files (x86)\\Microsoft Visual Studio\\2019\\Community\\Common7\\Tools\\'), ('VSCMD_ARG_app_plat', 'Desktop'), ('VSCMD_ARG_HOST_ARCH', 'x64'), ('VSCMD_ARG_TGT_ARCH', 'x64'), ('VSCMD_VER', '16.11.18'), ('VSINSTALLDIR', 'C:\\Program Files (x86)\\Microsoft Visual Studio\\2019\\Community\\'), ('windir', 'C:\\Windows'), ('WindowsLibPath', 'C:\\Program Files (x86)\\Windows Kits\\10\\UnionMetadata\\10.0.19041.0;C:\\Program Files (x86)\\Windows Kits\\10\\References\\10.0.19041.0'), ('WindowsSdkBinPath', 'C:\\Program Files (x86)\\Windows Kits\\10\\bin\\'), ('WindowsSdkDir', 'C:\\Program Files (x86)\\Windows Kits\\10\\'), ('WindowsSDKLibVersion', '10.0.19041.0\\'), ('WindowsSdkVerBinPath', 'C:\\Program Files (x86)\\Windows Kits\\10\\bin\\10.0.19041.0\\'), ('WindowsSDKVersion', '10.0.19041.0\\'), ('__devinit_path', 'C:\\Program Files (x86)\\Microsoft Visual Studio\\2019\\Community\\Common7\\Tools\\devinit\\devinit.exe'), ('__DOTNET_ADD_64BIT', '1'), ('__DOTNET_PREFERRED_BITNESS', '64'), ('__VSCMD_PREINIT_PATH', 'C:\\Python38\\Scripts\\;C:\\Python38\\;C:\\Windows\\system32;C:\\Windows;C:\\Windows\\System32\\Wbem;C:\\Windows\\System32\\WindowsPowerShell\\v1.0\\;C:\\Windows\\System32\\OpenSSH\\;C:\\Program Files\\NVIDIA Corporation\\NVIDIA NvDLISR;D:\\Siemens\\SiemensNXStudentEdition\\CAPITALINTEGRATION\\capitalnxremote\\;D:\\MATLAB\\R2021a\\bin;C:\\ProgramData\\chocolatey\\bin;C:\\ProgramData\\chocolatey\\lib\\cunit\\lib;C:\\ProgramData\\chocolatey\\lib\\tinyxml2\\lib;C:\\ProgramData\\chocolatey\\lib\\bullet\\lib;C:\\Program Files\\Git\\cmd;C:\\Users\\sharr\\AppData\\Local\\Microsoft\\WindowsApps;C:\\Program Files\\OpenSSL-Win64\\bin\\;C:\\opencv\\x64\\vc16\\bin;C:\\Program Files\\CMake\\bin;C:\\Program Files\\Graphviz\\bin;D:\\Microsoft VS Code\\bin'), ('__VSCMD_script_err_count', '0')]), 'shell': False}
[0.079000] (mecanum_description) StdoutLine: {'line': b'-- Selecting Windows SDK version 10.0.19041.0 to target Windows 10.0.19044.\n'}
[0.110000] (-) TimerEvent: {}
[0.219000] (-) TimerEvent: {}
[0.344000] (-) TimerEvent: {}
[0.454000] (-) TimerEvent: {}
[0.563000] (-) TimerEvent: {}
[0.672000] (-) TimerEvent: {}
[0.782000] (-) TimerEvent: {}
[0.891000] (-) TimerEvent: {}
[1.000000] (-) TimerEvent: {}
[1.125000] (-) TimerEvent: {}
[1.235000] (-) TimerEvent: {}
[1.344000] (-) TimerEvent: {}
[1.360000] (mecanum_description) StdoutLine: {'line': b'-- The C compiler identification is MSVC 19.29.30146.0\n'}
[1.454000] (-) TimerEvent: {}
[1.563000] (-) TimerEvent: {}
[1.672000] (-) TimerEvent: {}
[1.782000] (-) TimerEvent: {}
[1.891000] (-) TimerEvent: {}
[2.000000] (-) TimerEvent: {}
[2.079000] (mecanum_description) StdoutLine: {'line': b'-- The CXX compiler identification is MSVC 19.29.30146.0\n'}
[2.110000] (-) TimerEvent: {}
[2.110000] (mecanum_description) StdoutLine: {'line': b'-- Detecting C compiler ABI info\n'}
[2.219000] (-) TimerEvent: {}
[2.329000] (-) TimerEvent: {}
[2.438000] (-) TimerEvent: {}
[2.547000] (-) TimerEvent: {}
[2.657000] (-) TimerEvent: {}
[2.766000] (-) TimerEvent: {}
[2.813000] (mecanum_description) StdoutLine: {'line': b'-- Detecting C compiler ABI info - done\n'}
[2.813000] (mecanum_description) StdoutLine: {'line': b'-- Check for working C compiler: C:/Program Files (x86)/Microsoft Visual Studio/2019/Community/VC/Tools/MSVC/14.29.30133/bin/Hostx64/x64/cl.exe - skipped\n'}
[2.813000] (mecanum_description) StdoutLine: {'line': b'-- Detecting C compile features\n'}
[2.829000] (mecanum_description) StdoutLine: {'line': b'-- Detecting C compile features - done\n'}
[2.829000] (mecanum_description) StdoutLine: {'line': b'-- Detecting CXX compiler ABI info\n'}
[2.875000] (-) TimerEvent: {}
[3.000000] (-) TimerEvent: {}
[3.110000] (-) TimerEvent: {}
[3.219000] (-) TimerEvent: {}
[3.329000] (-) TimerEvent: {}
[3.438000] (-) TimerEvent: {}
[3.500000] (mecanum_description) StdoutLine: {'line': b'-- Detecting CXX compiler ABI info - done\n'}
[3.500000] (mecanum_description) StdoutLine: {'line': b'-- Check for working CXX compiler: C:/Program Files (x86)/Microsoft Visual Studio/2019/Community/VC/Tools/MSVC/14.29.30133/bin/Hostx64/x64/cl.exe - skipped\n'}
[3.500000] (mecanum_description) StdoutLine: {'line': b'-- Detecting CXX compile features\n'}
[3.500000] (mecanum_description) StdoutLine: {'line': b'-- Detecting CXX compile features - done\n'}
[3.547000] (-) TimerEvent: {}
[3.657000] (mecanum_description) StderrLine: {'line': b'CMake Error at CMakeLists.txt:18 (find_package):\n'}
[3.657000] (-) TimerEvent: {}
[3.657000] (mecanum_description) StderrLine: {'line': b'  By not providing "Findament_cmake.cmake" in CMAKE_MODULE_PATH this project\n'}
[3.657000] (mecanum_description) StderrLine: {'line': b'  has asked CMake to find a package configuration file provided by\n'}
[3.657000] (mecanum_description) StderrLine: {'line': b'  "ament_cmake", but CMake did not find one.\n'}
[3.657000] (mecanum_description) StderrLine: {'line': b'\n'}
[3.657000] (mecanum_description) StderrLine: {'line': b'  Could not find a package configuration file provided by "ament_cmake" with\n'}
[3.657000] (mecanum_description) StderrLine: {'line': b'  any of the following names:\n'}
[3.657000] (mecanum_description) StderrLine: {'line': b'\n'}
[3.657000] (mecanum_description) StderrLine: {'line': b'    ament_cmakeConfig.cmake\n'}
[3.672000] (mecanum_description) StderrLine: {'line': b'    ament_cmake-config.cmake\n'}
[3.672000] (mecanum_description) StderrLine: {'line': b'\n'}
[3.672000] (mecanum_description) StderrLine: {'line': b'  Add the installation prefix of "ament_cmake" to CMAKE_PREFIX_PATH or set\n'}
[3.672000] (mecanum_description) StderrLine: {'line': b'  "ament_cmake_DIR" to a directory containing one of the above files.  If\n'}
[3.672000] (mecanum_description) StderrLine: {'line': b'  "ament_cmake" provides a separate development package or SDK, be sure it\n'}
[3.672000] (mecanum_description) StderrLine: {'line': b'  has been installed.\n'}
[3.672000] (mecanum_description) StderrLine: {'line': b'\n'}
[3.672000] (mecanum_description) StderrLine: {'line': b'\n'}
[3.672000] (mecanum_description) StdoutLine: {'line': b'-- Configuring incomplete, errors occurred!\n'}
[3.672000] (mecanum_description) StdoutLine: {'line': b'See also "D:/College/capstone_ws/build/mecanum_description/CMakeFiles/CMakeOutput.log".\n'}
[3.672000] (mecanum_description) CommandEnded: {'returncode': 1}
[3.704000] (mecanum_description) JobEnded: {'identifier': 'mecanum_description', 'rc': 1}
[3.719000] (-) EventReactorShutdown: {}
