[0.047s] Invoking command in 'D:\College\capstone_ws\build\mecanum_description': C:\Program Files\CMake\bin\cmake.EXE D:\College\capstone_ws\src\mecanum_description -DAMENT_CMAKE_SYMLINK_INSTALL=1 -DCMAKE_INSTALL_PREFIX=D:\College\capstone_ws\install -G Visual Studio 16 2019
[0.079s] -- Selecting Windows SDK version 10.0.19041.0 to target Windows 10.0.19044.
[1.360s] -- The C compiler identification is MSVC 19.29.30146.0
[2.079s] -- The CXX compiler identification is MSVC 19.29.30146.0
[2.110s] -- Detecting C compiler ABI info
[2.813s] -- Detecting C compiler ABI info - done
[2.813s] -- Check for working C compiler: C:/Program Files (x86)/Microsoft Visual Studio/2019/Community/VC/Tools/MSVC/14.29.30133/bin/Hostx64/x64/cl.exe - skipped
[2.829s] -- Detecting C compile features
[2.829s] -- Detecting C compile features - done
[2.829s] -- Detecting CXX compiler ABI info
[3.500s] -- Detecting CXX compiler ABI info - done
[3.500s] -- Check for working CXX compiler: C:/Program Files (x86)/Microsoft Visual Studio/2019/Community/VC/Tools/MSVC/14.29.30133/bin/Hostx64/x64/cl.exe - skipped
[3.500s] -- Detecting CXX compile features
[3.500s] -- Detecting CXX compile features - done
[3.657s] CMake Error at CMakeLists.txt:18 (find_package):
[3.657s]   By not providing "Findament_cmake.cmake" in CMAKE_MODULE_PATH this project
[3.657s]   has asked CMake to find a package configuration file provided by
[3.657s]   "ament_cmake", but CMake did not find one.
[3.657s] 
[3.657s]   Could not find a package configuration file provided by "ament_cmake" with
[3.657s]   any of the following names:
[3.657s] 
[3.672s]     ament_cmakeConfig.cmake
[3.672s]     ament_cmake-config.cmake
[3.672s] 
[3.672s]   Add the installation prefix of "ament_cmake" to CMAKE_PREFIX_PATH or set
[3.672s]   "ament_cmake_DIR" to a directory containing one of the above files.  If
[3.672s]   "ament_cmake" provides a separate development package or SDK, be sure it
[3.672s]   has been installed.
[3.672s] 
[3.672s] 
[3.672s] -- Configuring incomplete, errors occurred!
[3.672s] See also "D:/College/capstone_ws/build/mecanum_description/CMakeFiles/CMakeOutput.log".
[3.672s] Invoked command in 'D:\College\capstone_ws\build\mecanum_description' returned '1': C:\Program Files\CMake\bin\cmake.EXE D:\College\capstone_ws\src\mecanum_description -DAMENT_CMAKE_SYMLINK_INSTALL=1 -DCMAKE_INSTALL_PREFIX=D:\College\capstone_ws\install -G Visual Studio 16 2019
