[0.662s] [34mcolcon[0m [1;30mDEBUG[0m [32mCommand line arguments: ['C:\\Python38\\Scripts\\colcon', 'build', '--symlink-install', '--merge-install'][0m
[0.662s] [34mcolcon[0m [1;30mDEBUG[0m [32mParsed command line arguments: Namespace(ament_cmake_args=None, base_paths=['.'], build_base='build', catkin_cmake_args=None, catkin_skip_building_tests=False, cmake_args=None, cmake_clean_cache=False, cmake_clean_first=False, cmake_force_configure=False, cmake_target=None, cmake_target_skip_unavailable=False, continue_on_error=False, event_handlers=None, executor='parallel', ignore_user_meta=False, install_base='install', log_base=None, log_level=None, main=<bound method BuildVerb.main of <colcon_core.verb.build.BuildVerb object at 0x0000015617454280>>, merge_install=True, metas=['./colcon.meta'], packages_above=None, packages_above_and_dependencies=None, packages_above_depth=None, packages_end=None, packages_ignore=None, packages_ignore_regex=None, packages_select=None, packages_select_build_failed=False, packages_select_by_dep=None, packages_select_regex=None, packages_select_test_failures=False, packages_skip=None, packages_skip_build_finished=False, packages_skip_by_dep=None, packages_skip_regex=None, packages_skip_test_passed=False, packages_skip_up_to=None, packages_start=None, packages_up_to=None, packages_up_to_regex=None, parallel_workers=12, paths=None, symlink_install=True, test_result_base=None, verb_extension=<colcon_core.verb.build.BuildVerb object at 0x0000015617454280>, verb_name='build', verb_parser=<colcon_defaults.argument_parser.defaults.DefaultArgumentsDecorator object at 0x00000156174C7A30>)[0m
[0.723s] [34mcolcon.colcon_core.package_discovery[0m [1;30mLevel 1[0m discover_packages(colcon_meta) check parameters
[0.723s] [34mcolcon.colcon_core.package_discovery[0m [1;30mLevel 1[0m discover_packages(recursive) check parameters
[0.723s] [34mcolcon.colcon_core.package_discovery[0m [1;30mLevel 1[0m discover_packages(ignore) check parameters
[0.723s] [34mcolcon.colcon_core.package_discovery[0m [1;30mLevel 1[0m discover_packages(path) check parameters
[0.723s] [34mcolcon.colcon_core.package_discovery[0m [1;30mLevel 1[0m discover_packages(colcon_meta) discover
[0.723s] [34mcolcon.colcon_core.package_discovery[0m [1;30mLevel 1[0m discover_packages(recursive) discover
[0.723s] [34mcolcon.colcon_core.package_discovery[0m [1;30mINFO[0m Crawling recursively for packages in 'D:\College\capstone_ws'
[0.723s] [34mcolcon.colcon_core.package_identification[0m [1;30mLevel 1[0m _identify(.) by extensions ['ignore', 'ignore_ament_install']
[0.723s] [34mcolcon.colcon_core.package_identification[0m [1;30mLevel 1[0m _identify(.) by extension 'ignore'
[0.723s] [34mcolcon.colcon_core.package_identification[0m [1;30mLevel 1[0m _identify(.) by extension 'ignore_ament_install'
[0.724s] [34mcolcon.colcon_core.package_identification[0m [1;30mLevel 1[0m _identify(.) by extensions ['colcon_pkg']
[0.724s] [34mcolcon.colcon_core.package_identification[0m [1;30mLevel 1[0m _identify(.) by extension 'colcon_pkg'
[0.724s] [34mcolcon.colcon_core.package_identification[0m [1;30mLevel 1[0m _identify(.) by extensions ['colcon_meta']
[0.724s] [34mcolcon.colcon_core.package_identification[0m [1;30mLevel 1[0m _identify(.) by extension 'colcon_meta'
[0.724s] [34mcolcon.colcon_core.package_identification[0m [1;30mLevel 1[0m _identify(.) by extensions ['ros']
[0.724s] [34mcolcon.colcon_core.package_identification[0m [1;30mLevel 1[0m _identify(.) by extension 'ros'
[0.739s] [34mcolcon.colcon_core.package_identification[0m [1;30mLevel 1[0m _identify(.) by extensions ['cmake', 'python']
[0.739s] [34mcolcon.colcon_core.package_identification[0m [1;30mLevel 1[0m _identify(.) by extension 'cmake'
[0.739s] [34mcolcon.colcon_core.package_identification[0m [1;30mLevel 1[0m _identify(.) by extension 'python'
[0.739s] [34mcolcon.colcon_core.package_identification[0m [1;30mLevel 1[0m _identify(.) by extensions ['python_setup_py']
[0.739s] [34mcolcon.colcon_core.package_identification[0m [1;30mLevel 1[0m _identify(.) by extension 'python_setup_py'
[0.739s] [34mcolcon.colcon_core.package_identification[0m [1;30mLevel 1[0m _identify(build) by extensions ['ignore', 'ignore_ament_install']
[0.739s] [34mcolcon.colcon_core.package_identification[0m [1;30mLevel 1[0m _identify(build) by extension 'ignore'
[0.739s] [34mcolcon.colcon_core.package_identification[0m [1;30mLevel 1[0m _identify(build) ignored
[0.740s] [34mcolcon.colcon_core.package_identification[0m [1;30mLevel 1[0m _identify(install) by extensions ['ignore', 'ignore_ament_install']
[0.740s] [34mcolcon.colcon_core.package_identification[0m [1;30mLevel 1[0m _identify(install) by extension 'ignore'
[0.740s] [34mcolcon.colcon_core.package_identification[0m [1;30mLevel 1[0m _identify(install) ignored
[0.740s] [34mcolcon.colcon_core.package_identification[0m [1;30mLevel 1[0m _identify(log) by extensions ['ignore', 'ignore_ament_install']
[0.740s] [34mcolcon.colcon_core.package_identification[0m [1;30mLevel 1[0m _identify(log) by extension 'ignore'
[0.740s] [34mcolcon.colcon_core.package_identification[0m [1;30mLevel 1[0m _identify(log) ignored
[0.741s] [34mcolcon.colcon_core.package_identification[0m [1;30mLevel 1[0m _identify(src) by extensions ['ignore', 'ignore_ament_install']
[0.741s] [34mcolcon.colcon_core.package_identification[0m [1;30mLevel 1[0m _identify(src) by extension 'ignore'
[0.741s] [34mcolcon.colcon_core.package_identification[0m [1;30mLevel 1[0m _identify(src) by extension 'ignore_ament_install'
[0.741s] [34mcolcon.colcon_core.package_identification[0m [1;30mLevel 1[0m _identify(src) by extensions ['colcon_pkg']
[0.741s] [34mcolcon.colcon_core.package_identification[0m [1;30mLevel 1[0m _identify(src) by extension 'colcon_pkg'
[0.741s] [34mcolcon.colcon_core.package_identification[0m [1;30mLevel 1[0m _identify(src) by extensions ['colcon_meta']
[0.741s] [34mcolcon.colcon_core.package_identification[0m [1;30mLevel 1[0m _identify(src) by extension 'colcon_meta'
[0.741s] [34mcolcon.colcon_core.package_identification[0m [1;30mLevel 1[0m _identify(src) by extensions ['ros']
[0.741s] [34mcolcon.colcon_core.package_identification[0m [1;30mLevel 1[0m _identify(src) by extension 'ros'
[0.741s] [34mcolcon.colcon_core.package_identification[0m [1;30mLevel 1[0m _identify(src) by extensions ['cmake', 'python']
[0.741s] [34mcolcon.colcon_core.package_identification[0m [1;30mLevel 1[0m _identify(src) by extension 'cmake'
[0.741s] [34mcolcon.colcon_core.package_identification[0m [1;30mLevel 1[0m _identify(src) by extension 'python'
[0.741s] [34mcolcon.colcon_core.package_identification[0m [1;30mLevel 1[0m _identify(src) by extensions ['python_setup_py']
[0.741s] [34mcolcon.colcon_core.package_identification[0m [1;30mLevel 1[0m _identify(src) by extension 'python_setup_py'
[0.742s] [34mcolcon.colcon_core.package_identification[0m [1;30mLevel 1[0m _identify(src\mecanum_description) by extensions ['ignore', 'ignore_ament_install']
[0.742s] [34mcolcon.colcon_core.package_identification[0m [1;30mLevel 1[0m _identify(src\mecanum_description) by extension 'ignore'
[0.742s] [34mcolcon.colcon_core.package_identification[0m [1;30mLevel 1[0m _identify(src\mecanum_description) by extension 'ignore_ament_install'
[0.742s] [34mcolcon.colcon_core.package_identification[0m [1;30mLevel 1[0m _identify(src\mecanum_description) by extensions ['colcon_pkg']
[0.742s] [34mcolcon.colcon_core.package_identification[0m [1;30mLevel 1[0m _identify(src\mecanum_description) by extension 'colcon_pkg'
[0.742s] [34mcolcon.colcon_core.package_identification[0m [1;30mLevel 1[0m _identify(src\mecanum_description) by extensions ['colcon_meta']
[0.742s] [34mcolcon.colcon_core.package_identification[0m [1;30mLevel 1[0m _identify(src\mecanum_description) by extension 'colcon_meta'
[0.742s] [34mcolcon.colcon_core.package_identification[0m [1;30mLevel 1[0m _identify(src\mecanum_description) by extensions ['ros']
[0.742s] [34mcolcon.colcon_core.package_identification[0m [1;30mLevel 1[0m _identify(src\mecanum_description) by extension 'ros'
[0.746s] [34mcolcon.colcon_core.package_identification[0m [1;30mDEBUG[0m [32mPackage 'src\mecanum_description' with type 'ros.ament_cmake' and name 'mecanum_description'[0m
[0.746s] [34mcolcon.colcon_core.package_discovery[0m [1;30mLevel 1[0m discover_packages(recursive) using defaults
[0.746s] [34mcolcon.colcon_core.package_discovery[0m [1;30mLevel 1[0m discover_packages(ignore) discover
[0.746s] [34mcolcon.colcon_core.package_discovery[0m [1;30mLevel 1[0m discover_packages(ignore) using defaults
[0.746s] [34mcolcon.colcon_core.package_discovery[0m [1;30mLevel 1[0m discover_packages(path) discover
[0.746s] [34mcolcon.colcon_core.package_discovery[0m [1;30mLevel 1[0m discover_packages(path) using defaults
[0.805s] [34mcolcon.colcon_core.verb[0m [1;30mLevel 5[0m set package 'mecanum_description' build argument 'cmake_args' from command line to 'None'
[0.805s] [34mcolcon.colcon_core.verb[0m [1;30mLevel 5[0m set package 'mecanum_description' build argument 'cmake_target' from command line to 'None'
[0.805s] [34mcolcon.colcon_core.verb[0m [1;30mLevel 5[0m set package 'mecanum_description' build argument 'cmake_target_skip_unavailable' from command line to 'False'
[0.805s] [34mcolcon.colcon_core.verb[0m [1;30mLevel 5[0m set package 'mecanum_description' build argument 'cmake_clean_cache' from command line to 'False'
[0.805s] [34mcolcon.colcon_core.verb[0m [1;30mLevel 5[0m set package 'mecanum_description' build argument 'cmake_clean_first' from command line to 'False'
[0.805s] [34mcolcon.colcon_core.verb[0m [1;30mLevel 5[0m set package 'mecanum_description' build argument 'cmake_force_configure' from command line to 'False'
[0.806s] [34mcolcon.colcon_core.verb[0m [1;30mLevel 5[0m set package 'mecanum_description' build argument 'ament_cmake_args' from command line to 'None'
[0.806s] [34mcolcon.colcon_core.verb[0m [1;30mLevel 5[0m set package 'mecanum_description' build argument 'catkin_cmake_args' from command line to 'None'
[0.806s] [34mcolcon.colcon_core.verb[0m [1;30mLevel 5[0m set package 'mecanum_description' build argument 'catkin_skip_building_tests' from command line to 'False'
[0.806s] [34mcolcon.colcon_core.verb[0m [1;30mDEBUG[0m [32mBuilding package 'mecanum_description' with the following arguments: {'ament_cmake_args': None, 'build_base': 'D:\\College\\capstone_ws\\build\\mecanum_description', 'catkin_cmake_args': None, 'catkin_skip_building_tests': False, 'cmake_args': None, 'cmake_clean_cache': False, 'cmake_clean_first': False, 'cmake_force_configure': False, 'cmake_target': None, 'cmake_target_skip_unavailable': False, 'install_base': 'D:\\College\\capstone_ws\\install', 'merge_install': True, 'path': 'D:\\College\\capstone_ws\\src\\mecanum_description', 'symlink_install': True, 'test_result_base': None}[0m
[0.808s] [34mcolcon.colcon_core.executor[0m [1;30mINFO[0m Executing jobs using 'parallel' executor
[0.828s] [34mcolcon.colcon_parallel_executor.executor.parallel[0m [1;30mDEBUG[0m [32mrun_until_complete[0m
[0.829s] [34mcolcon.colcon_ros.task.ament_cmake.build[0m [1;30mINFO[0m Building ROS package in 'D:\College\capstone_ws\src\mecanum_description' with build type 'ament_cmake'
[0.829s] [34mcolcon.colcon_cmake.task.cmake.build[0m [1;30mINFO[0m Building CMake package in 'D:\College\capstone_ws\src\mecanum_description'
[0.836s] [34mcolcon.colcon_core.plugin_system[0m [1;30mINFO[0m Skipping extension 'colcon_core.shell.sh': Not used on Windows systems
[0.837s] [34mcolcon.colcon_core.shell[0m [1;30mINFO[0m Skip shell extension 'powershell' for command environment: Not usable outside of PowerShell
[0.953s] [34mcolcon.colcon_core.event_handler.log_command[0m [1;30mDEBUG[0m [32mInvoking command in 'D:\College\capstone_ws\build\mecanum_description': C:\Program Files\CMake\bin\cmake.EXE D:\College\capstone_ws\src\mecanum_description -DAMENT_CMAKE_SYMLINK_INSTALL=1 -DCMAKE_INSTALL_PREFIX=D:\College\capstone_ws\install[0m
[4.270s] [34mcolcon.colcon_core.event_handler.log_command[0m [1;30mDEBUG[0m [32mInvoked command in 'D:\College\capstone_ws\build\mecanum_description' returned '0': C:\Program Files\CMake\bin\cmake.EXE D:\College\capstone_ws\src\mecanum_description -DAMENT_CMAKE_SYMLINK_INSTALL=1 -DCMAKE_INSTALL_PREFIX=D:\College\capstone_ws\install[0m
[4.272s] [34mcolcon.colcon_core.event_handler.log_command[0m [1;30mDEBUG[0m [32mInvoking command in 'D:\College\capstone_ws\build\mecanum_description': CL=/MP C:\Program Files\CMake\bin\cmake.EXE --build D:\College\capstone_ws\build\mecanum_description --config Release[0m
[4.885s] [34mcolcon.colcon_core.event_handler.log_command[0m [1;30mDEBUG[0m [32mInvoked command in 'D:\College\capstone_ws\build\mecanum_description' returned '0': CL=/MP C:\Program Files\CMake\bin\cmake.EXE --build D:\College\capstone_ws\build\mecanum_description --config Release[0m
[4.913s] [34mcolcon.colcon_core.event_handler.log_command[0m [1;30mDEBUG[0m [32mInvoking command in 'D:\College\capstone_ws\build\mecanum_description': C:\Program Files\CMake\bin\cmake.EXE --install D:\College\capstone_ws\build\mecanum_description --config Release[0m
[5.574s] [34mcolcon.colcon_core.environment[0m [1;30mLevel 1[0m create_environment_scripts_only(mecanum_description)
[5.577s] [34mcolcon.colcon_core.event_handler.log_command[0m [1;30mDEBUG[0m [32mInvoked command in 'D:\College\capstone_ws\build\mecanum_description' returned '0': C:\Program Files\CMake\bin\cmake.EXE --install D:\College\capstone_ws\build\mecanum_description --config Release[0m
[5.594s] [34mcolcon.colcon_core.environment[0m [1;30mLevel 1[0m checking 'D:\College\capstone_ws\install' for CMake module files
[5.596s] [34mcolcon.colcon_core.environment[0m [1;30mLevel 1[0m checking 'D:\College\capstone_ws\install' for CMake config files
[5.598s] [34mcolcon.colcon_core.shell[0m [1;30mLevel 1[0m create_environment_hook('mecanum_description', 'cmake_prefix_path')
[5.603s] [34mcolcon.colcon_core.shell[0m [1;30mINFO[0m Creating environment hook 'D:\College\capstone_ws\install\share\mecanum_description\hook\cmake_prefix_path.ps1'
[5.604s] [34mcolcon.colcon_core.shell[0m [1;30mINFO[0m Creating environment hook 'D:\College\capstone_ws\install\share\mecanum_description\hook\cmake_prefix_path.bat'
[5.605s] [34mcolcon.colcon_core.shell[0m [1;30mINFO[0m Creating environment descriptor 'D:\College\capstone_ws\install\share\mecanum_description\hook\cmake_prefix_path.dsv'
[5.606s] [34mcolcon.colcon_core.environment[0m [1;30mLevel 1[0m checking 'D:\College\capstone_ws\install\bin'
[5.606s] [34mcolcon.colcon_core.environment[0m [1;30mLevel 1[0m checking 'D:\College\capstone_ws\install\bin'
[5.607s] [34mcolcon.colcon_core.environment[0m [1;30mLevel 1[0m checking 'D:\College\capstone_ws\install\lib\pkgconfig\mecanum_description.pc'
[5.607s] [34mcolcon.colcon_core.environment[0m [1;30mLevel 1[0m checking 'D:\College\capstone_ws\install\Lib\site-packages'
[5.607s] [34mcolcon.colcon_core.environment[0m [1;30mLevel 1[0m checking 'D:\College\capstone_ws\install\Scripts'
[5.613s] [34mcolcon.colcon_core.shell[0m [1;30mINFO[0m Creating package script 'D:\College\capstone_ws\install\share\mecanum_description\package.ps1'
[5.614s] [34mcolcon.colcon_core.shell[0m [1;30mINFO[0m Creating package script 'D:\College\capstone_ws\install\share\mecanum_description\package.bat'
[5.615s] [34mcolcon.colcon_core.shell[0m [1;30mINFO[0m Creating package descriptor 'D:\College\capstone_ws\install\share\mecanum_description\package.dsv'
[5.616s] [34mcolcon.colcon_core.environment[0m [1;30mLevel 1[0m create_file_with_runtime_dependencies(D:\College\capstone_ws\install\share\colcon-core\packages\mecanum_description)
[5.622s] [34mcolcon.colcon_core.environment[0m [1;30mLevel 1[0m create_environment_scripts_only(mecanum_description)
[5.631s] [34mcolcon.colcon_core.environment[0m [1;30mLevel 1[0m checking 'D:\College\capstone_ws\install' for CMake module files
[5.633s] [34mcolcon.colcon_core.environment[0m [1;30mLevel 1[0m checking 'D:\College\capstone_ws\install' for CMake config files
[5.634s] [34mcolcon.colcon_core.shell[0m [1;30mLevel 1[0m create_environment_hook('mecanum_description', 'cmake_prefix_path')
[5.639s] [34mcolcon.colcon_core.shell[0m [1;30mINFO[0m Creating environment hook 'D:\College\capstone_ws\install\share\mecanum_description\hook\cmake_prefix_path.ps1'
[5.640s] [34mcolcon.colcon_core.shell[0m [1;30mINFO[0m Creating environment hook 'D:\College\capstone_ws\install\share\mecanum_description\hook\cmake_prefix_path.bat'
[5.640s] [34mcolcon.colcon_core.shell[0m [1;30mINFO[0m Creating environment descriptor 'D:\College\capstone_ws\install\share\mecanum_description\hook\cmake_prefix_path.dsv'
[5.641s] [34mcolcon.colcon_core.environment[0m [1;30mLevel 1[0m checking 'D:\College\capstone_ws\install\bin'
[5.641s] [34mcolcon.colcon_core.environment[0m [1;30mLevel 1[0m checking 'D:\College\capstone_ws\install\bin'
[5.641s] [34mcolcon.colcon_core.environment[0m [1;30mLevel 1[0m checking 'D:\College\capstone_ws\install\lib\pkgconfig\mecanum_description.pc'
[5.641s] [34mcolcon.colcon_core.environment[0m [1;30mLevel 1[0m checking 'D:\College\capstone_ws\install\Lib\site-packages'
[5.641s] [34mcolcon.colcon_core.environment[0m [1;30mLevel 1[0m checking 'D:\College\capstone_ws\install\Scripts'
[5.647s] [34mcolcon.colcon_core.shell[0m [1;30mINFO[0m Creating package script 'D:\College\capstone_ws\install\share\mecanum_description\package.ps1'
[5.648s] [34mcolcon.colcon_core.shell[0m [1;30mINFO[0m Creating package script 'D:\College\capstone_ws\install\share\mecanum_description\package.bat'
[5.648s] [34mcolcon.colcon_core.shell[0m [1;30mINFO[0m Creating package descriptor 'D:\College\capstone_ws\install\share\mecanum_description\package.dsv'
[5.649s] [34mcolcon.colcon_core.environment[0m [1;30mLevel 1[0m create_file_with_runtime_dependencies(D:\College\capstone_ws\install\share\colcon-core\packages\mecanum_description)
[5.649s] [34mcolcon.colcon_parallel_executor.executor.parallel[0m [1;30mDEBUG[0m [32mrun_until_complete finished with '0'[0m
[5.650s] [34mcolcon.colcon_core.event_reactor[0m [1;30mDEBUG[0m [32mjoining thread[0m
[5.662s] [34mcolcon.colcon_core.plugin_system[0m [1;30mINFO[0m Skipping extension 'colcon_notification.desktop_notification.notify2': 'notify2' not found
[5.662s] [34mcolcon.colcon_core.plugin_system[0m [1;30mINFO[0m Skipping extension 'colcon_notification.desktop_notification.notify_send': Not used on non-Linux systems
[5.662s] [34mcolcon.colcon_core.plugin_system[0m [1;30mINFO[0m Skipping extension 'colcon_notification.desktop_notification.terminal_notifier': Not used on non-Darwin systems
[5.662s] [34mcolcon.colcon_notification.desktop_notification[0m [1;30mINFO[0m Sending desktop notification using 'win32'
[10.686s] [34mcolcon.colcon_core.event_reactor[0m [1;30mDEBUG[0m [32mjoined thread[0m
[10.693s] [34mcolcon.colcon_core.shell[0m [1;30mINFO[0m Creating prefix script 'D:\College\capstone_ws\install\local_setup.ps1'
[10.695s] [34mcolcon.colcon_core.shell[0m [1;30mINFO[0m Creating prefix util module 'D:\College\capstone_ws\install\_local_setup_util_ps1.py'
[10.698s] [34mcolcon.colcon_core.shell[0m [1;30mINFO[0m Creating prefix chain script 'D:\College\capstone_ws\install\setup.ps1'
[10.705s] [34mcolcon.colcon_core.shell[0m [1;30mINFO[0m Creating prefix script 'D:\College\capstone_ws\install\local_setup.bat'
[10.707s] [34mcolcon.colcon_core.shell[0m [1;30mINFO[0m Creating prefix util module 'D:\College\capstone_ws\install\_local_setup_util_bat.py'
[10.707s] [34mcolcon.colcon_core.shell[0m [1;30mINFO[0m Creating prefix chain script 'D:\College\capstone_ws\install\setup.bat'
