-- Selecting Windows SDK version 10.0.19041.0 to target Windows 10.0.19044.
-- Found ament_cmake: 1.3.2 (C:/ros2/ros2-windows/share/ament_cmake/cmake)
-- Found Python3: C:/Python38/python.exe (found version "3.8.3") found components: Interpreter 
-- Override CMake install command with custom implementation using symlinks instead of copying resources
-- Found urdf: 2.6.0 (C:/ros2/ros2-windows/share/urdf/cmake)
-- Found TinyXML2 via Config file: C:/ProgramData/chocolatey/lib/tinyxml2/share/cmake
-- Configuring done
-- Generating done
-- Build files have been written to: D:/College/capstone_ws/build/mecanum_description
Microsoft (R) Build Engine version 16.11.2+f32259642 for .NET Framework
Copyright (C) Microsoft Corporation. All rights reserved.

  Checking Build System
  Building Custom Rule D:/College/capstone_ws/src/mecanum_description/CMakeLists.txt
-- Execute custom install script
-- Symlinking: D:/College/capstone_ws/install/share/mecanum_description/meshes/Arm_01-r4_1.stl
-- Symlinking: D:/College/capstone_ws/install/share/mecanum_description/meshes/Arm_02_v3-r4_1.stl
-- Symlinking: D:/College/capstone_ws/install/share/mecanum_description/meshes/Arm_03-r4_1.stl
-- Symlinking: D:/College/capstone_ws/install/share/mecanum_description/meshes/Gripper_base-r4_1.stl
-- Symlinking: D:/College/capstone_ws/install/share/mecanum_description/meshes/Gripper_finger-r4_1.stl
-- Symlinking: D:/College/capstone_ws/install/share/mecanum_description/meshes/Gripper_finger-r4_2.stl
-- Symlinking: D:/College/capstone_ws/install/share/mecanum_description/meshes/Mecanum_Wheel_Assembly_Left-r4_1.stl
-- Symlinking: D:/College/capstone_ws/install/share/mecanum_description/meshes/Mecanum_Wheel_Assembly_Left-r4_2.stl
-- Symlinking: D:/College/capstone_ws/install/share/mecanum_description/meshes/Mecanum_Wheel_Assembly_Right-r4_1.stl
-- Symlinking: D:/College/capstone_ws/install/share/mecanum_description/meshes/Mecanum_Wheel_Assembly_Right-r4_2.stl
-- Symlinking: D:/College/capstone_ws/install/share/mecanum_description/meshes/Servo_Motor_MG996R-r4_2.stl
-- Symlinking: D:/College/capstone_ws/install/share/mecanum_description/meshes/Servo_Motor_MG996R-r4_3.stl
-- Symlinking: D:/College/capstone_ws/install/share/mecanum_description/meshes/Servo_Motor_Micro__9g-r4_2.stl
-- Symlinking: D:/College/capstone_ws/install/share/mecanum_description/meshes/Servo_Motor_Micro__9g-r4_3.stl
-- Symlinking: D:/College/capstone_ws/install/share/mecanum_description/meshes/Waist-r4_1.stl
-- Symlinking: D:/College/capstone_ws/install/share/mecanum_description/meshes/base_link.stl
-- Symlinking: D:/College/capstone_ws/install/share/mecanum_description/meshes/gear1-r4_1.stl
-- Symlinking: D:/College/capstone_ws/install/share/mecanum_description/meshes/gear2-r4_1.stl
-- Symlinking: D:/College/capstone_ws/install/share/mecanum_description/meshes/grip_link_1-r4_1.stl
-- Symlinking: D:/College/capstone_ws/install/share/mecanum_description/meshes/grip_link_1-r4_2.stl
-- Symlinking: D:/College/capstone_ws/install/share/mecanum_description/meshes/grip_link_1-r4_3.stl
-- Symlinking: D:/College/capstone_ws/install/share/mecanum_description/meshes/grip_link_1-r4_4.stl
-- Symlinking: D:/College/capstone_ws/install/share/mecanum_description/urdf/materials.xacro
-- Symlinking: D:/College/capstone_ws/install/share/mecanum_description/urdf/mecanum.trans
-- Symlinking: D:/College/capstone_ws/install/share/mecanum_description/urdf/mecanum.xacro
-- Symlinking: D:/College/capstone_ws/install/share/mecanum_description/launch/robot_description.launch.py
-- Symlinking: D:/College/capstone_ws/install/share/ament_index/resource_index/package_run_dependencies/mecanum_description
-- Symlinking: D:/College/capstone_ws/install/share/ament_index/resource_index/parent_prefix_path/mecanum_description
-- Symlinking: D:/College/capstone_ws/install/share/mecanum_description/environment/ament_prefix_path.bat
-- Symlinking: D:/College/capstone_ws/install/share/mecanum_description/environment/ament_prefix_path.dsv
-- Symlinking: D:/College/capstone_ws/install/share/mecanum_description/environment/path.bat
-- Symlinking: D:/College/capstone_ws/install/share/mecanum_description/environment/path.dsv
-- Symlinking: D:/College/capstone_ws/install/share/mecanum_description/local_setup.bat
-- Symlinking: D:/College/capstone_ws/install/share/mecanum_description/local_setup.dsv
-- Symlinking: D:/College/capstone_ws/install/share/mecanum_description/package.dsv
-- Symlinking: D:/College/capstone_ws/install/share/ament_index/resource_index/packages/mecanum_description
-- Symlinking: D:/College/capstone_ws/install/share/mecanum_description/cmake/mecanum_descriptionConfig.cmake
-- Symlinking: D:/College/capstone_ws/install/share/mecanum_description/cmake/mecanum_descriptionConfig-version.cmake
-- Symlinking: D:/College/capstone_ws/install/share/mecanum_description/package.xml
